<?xml version="1.0" encoding="UTF-8"?>
<!-- Generated by org.testng.reporters.JUnitReportReporter -->
<testsuite hostname="QT-INNO-LT0636" name="Com.Test.Ekansh.Runner.TestRunner" tests="2" failures="0" timestamp="28 May 2021 11:37:22 GMT" time="65.010" errors="0">
  <testcase name="runScenario" time="48.671" classname="Com.Test.Ekansh.Runner.TestRunner"/>
  <testcase name="runScenario" time="16.339" classname="Com.Test.Ekansh.Runner.TestRunner"/>
</testsuite> <!-- Com.Test.Ekansh.Runner.TestRunner -->
